build/app/intermediates/manifest_merge_blame_file/release/manifest-merger-blame-release-report.txt
1<?xml version="1.0" encoding="utf-8"?>
2<manifest xmlns:android="http://schemas.android.com/apk/res/android"
3    package="com.forumkeadilanapps"
4    android:versionCode="10"
5    android:versionName="1.7.3" >
6
7    <uses-sdk
8        android:minSdkVersion="21"
8-->src\main\AndroidManifest.xml
9        android:targetSdkVersion="33" />
9-->src\main\AndroidManifest.xml
10
11    <uses-permission android:name="android.permission.INTERNET" />
11-->src\main\AndroidManifest.xml:4:3-64
11-->src\main\AndroidManifest.xml:4:20-62
12    <uses-permission android:name="com.google.android.gms.permission.AD_ID" />
12-->src\main\AndroidManifest.xml:5:3-76
12-->src\main\AndroidManifest.xml:5:20-74
13
14    <queries>
14-->src\main\AndroidManifest.xml:8:5-19:15
15
16        <!-- If your app opens https URLs -->
17        <intent>
17-->src\main\AndroidManifest.xml:10:9-13:18
18            <action android:name="android.intent.action.VIEW" />
18-->src\main\AndroidManifest.xml:11:13-65
18-->src\main\AndroidManifest.xml:11:21-62
19
20            <data android:scheme="https" />
20-->src\main\AndroidManifest.xml:12:13-44
20-->src\main\AndroidManifest.xml:12:19-41
21        </intent>
22        <!-- If your app emails -->
23        <intent>
23-->src\main\AndroidManifest.xml:15:9-18:18
24            <action android:name="android.intent.action.SEND" />
24-->src\main\AndroidManifest.xml:16:13-65
24-->src\main\AndroidManifest.xml:16:21-62
25
26            <data android:mimeType="*/*" />
26-->src\main\AndroidManifest.xml:12:13-44
26-->src\main\AndroidManifest.xml:17:19-41
27        </intent>
28        <intent>
28-->[:flutter_inappwebview] AndroidManifest.xml:10:9-12:18
29            <action android:name="android.support.customtabs.action.CustomTabsService" />
29-->[:flutter_inappwebview] AndroidManifest.xml:11:13-90
29-->[:flutter_inappwebview] AndroidManifest.xml:11:21-87
30        </intent> <!-- For browser content -->
31        <intent>
31-->[com.google.android.gms:play-services-ads-lite:22.0.0] AndroidManifest.xml:35:9-41:18
32            <action android:name="android.intent.action.VIEW" />
32-->src\main\AndroidManifest.xml:11:13-65
32-->src\main\AndroidManifest.xml:11:21-62
33
34            <category android:name="android.intent.category.BROWSABLE" />
34-->[com.google.android.gms:play-services-ads-lite:22.0.0] AndroidManifest.xml:38:13-74
34-->[com.google.android.gms:play-services-ads-lite:22.0.0] AndroidManifest.xml:38:23-71
35
36            <data android:scheme="https" />
36-->src\main\AndroidManifest.xml:12:13-44
36-->src\main\AndroidManifest.xml:12:19-41
37        </intent>
38    </queries>
39
40    <uses-permission android:name="android.permission.ACCESS_NETWORK_STATE" />
40-->[:firebase_analytics] AndroidManifest.xml:9:5-79
40-->[:firebase_analytics] AndroidManifest.xml:9:22-76
41    <uses-permission android:name="android.permission.WAKE_LOCK" /> <!-- Permissions options for the `notification` group -->
41-->[:firebase_analytics] AndroidManifest.xml:11:5-68
41-->[:firebase_analytics] AndroidManifest.xml:11:22-65
42    <uses-permission android:name="android.permission.POST_NOTIFICATIONS" /> <!-- Required by older versions of Google Play services to create IID tokens -->
42-->[:firebase_messaging] AndroidManifest.xml:13:5-77
42-->[:firebase_messaging] AndroidManifest.xml:13:22-74
43    <uses-permission android:name="com.google.android.c2dm.permission.RECEIVE" />
43-->[com.google.firebase:firebase-iid:21.1.0] AndroidManifest.xml:26:5-82
43-->[com.google.firebase:firebase-iid:21.1.0] AndroidManifest.xml:26:22-79
44    <uses-permission android:name="com.google.android.finsky.permission.BIND_GET_INSTALL_REFERRER_SERVICE" />
44-->[com.google.android.gms:play-services-measurement:21.2.2] AndroidManifest.xml:26:5-110
44-->[com.google.android.gms:play-services-measurement:21.2.2] AndroidManifest.xml:26:22-107
45    <uses-permission android:name="android.permission.FOREGROUND_SERVICE" />
45-->[androidx.work:work-runtime:2.7.0] AndroidManifest.xml:28:5-77
45-->[androidx.work:work-runtime:2.7.0] AndroidManifest.xml:28:22-74
46
47    <application
47-->src\main\AndroidManifest.xml:21:4-75:19
48        android:appComponentFactory="androidx.core.app.CoreComponentFactory"
48-->[androidx.core:core:1.8.0] AndroidManifest.xml:24:18-86
49        android:icon="@mipmap/launcher_icon"
49-->src\main\AndroidManifest.xml:23:9-45
50        android:label="ForumKeadilan"
50-->src\main\AndroidManifest.xml:22:9-38
51        android:usesCleartextTraffic="true" >
51-->src\main\AndroidManifest.xml:24:9-44
52        <activity
52-->src\main\AndroidManifest.xml:25:9-61:20
53            android:name="com.forumkeadilanapps.MainActivity"
53-->src\main\AndroidManifest.xml:26:13-41
54            android:configChanges="orientation|keyboardHidden|keyboard|screenSize|smallestScreenSize|locale|layoutDirection|fontScale|screenLayout|density|uiMode"
54-->src\main\AndroidManifest.xml:30:13-163
55            android:exported="true"
55-->src\main\AndroidManifest.xml:27:13-36
56            android:hardwareAccelerated="true"
56-->src\main\AndroidManifest.xml:31:13-47
57            android:launchMode="singleTop"
57-->src\main\AndroidManifest.xml:28:13-43
58            android:theme="@style/LaunchTheme"
58-->src\main\AndroidManifest.xml:29:13-47
59            android:windowSoftInputMode="adjustResize" >
59-->src\main\AndroidManifest.xml:32:13-55
60
61            <!--
62                 Specifies an Android theme to apply to this Activity as soon as
63                 the Android process has started. This theme is visible to the user
64                 while the Flutter UI initializes. After that, this theme continues
65                 to determine the Window background behind the Flutter UI.
66            -->
67            <meta-data
67-->src\main\AndroidManifest.xml:37:13-40:17
68                android:name="io.flutter.embedding.android.NormalTheme"
68-->src\main\AndroidManifest.xml:38:15-70
69                android:resource="@style/NormalTheme" />
69-->src\main\AndroidManifest.xml:39:15-52
70            <!--
71                 Displays an Android View that continues showing the launch screen
72                 Drawable until Flutter paints its first frame, then this splash
73                 screen fades out. A splash screen is useful to avoid any visual
74                 gap between the end of Android's launch screen and the painting of
75                 Flutter's first frame.
76            -->
77            <!--
78              <meta-data
79              android:name="io.flutter.embedding.android.SplashScreenDrawable"
80              android:resource="@drawable/launch_background"/>
81            -->
82
83            <intent-filter>
83-->src\main\AndroidManifest.xml:50:13-53:29
84                <action android:name="android.intent.action.MAIN" />
84-->src\main\AndroidManifest.xml:51:17-68
84-->src\main\AndroidManifest.xml:51:25-66
85
86                <category android:name="android.intent.category.LAUNCHER" />
86-->src\main\AndroidManifest.xml:52:17-76
86-->src\main\AndroidManifest.xml:52:27-74
87            </intent-filter>
88
89            <!-- new configs -->
90            <intent-filter>
90-->src\main\AndroidManifest.xml:56:13-59:29
91                <action android:name="FLUTTER_NOTIFICATION_CLICK" />
91-->src\main\AndroidManifest.xml:57:17-69
91-->src\main\AndroidManifest.xml:57:25-66
92
93                <category android:name="android.intent.category.DEFAULT" />
93-->src\main\AndroidManifest.xml:58:17-76
93-->src\main\AndroidManifest.xml:58:27-73
94            </intent-filter>
95        </activity>
96        <!--
97             Don't delete the meta-data below.
98             This is used by the Flutter tool to generate GeneratedPluginRegistrant.java
99        -->
100        <meta-data
100-->src\main\AndroidManifest.xml:64:9-66:33
101            android:name="flutterEmbedding"
101-->src\main\AndroidManifest.xml:65:13-44
102            android:value="2" />
102-->src\main\AndroidManifest.xml:66:13-30
103
104        <!-- Admob -->
105        <meta-data
105-->src\main\AndroidManifest.xml:70:9-72:69
106            android:name="com.google.android.gms.ads.APPLICATION_ID"
106-->src\main\AndroidManifest.xml:71:13-69
107            android:value="ca-app-pub-3940256099942544~3347511713" />
107-->src\main\AndroidManifest.xml:72:13-67
108
109        <service
109-->[:firebase_analytics] AndroidManifest.xml:14:9-18:19
110            android:name="com.google.firebase.components.ComponentDiscoveryService"
110-->[:firebase_analytics] AndroidManifest.xml:14:18-89
111            android:directBootAware="true"
111-->[com.google.firebase:firebase-common:20.3.2] AndroidManifest.xml:34:13-43
112            android:exported="false" >
112-->[com.google.firebase:firebase-iid:21.1.0] AndroidManifest.xml:31:13-37
113            <meta-data
113-->[:firebase_analytics] AndroidManifest.xml:15:13-17:85
114                android:name="com.google.firebase.components:io.flutter.plugins.firebase.analytics.FlutterFirebaseAppRegistrar"
114-->[:firebase_analytics] AndroidManifest.xml:16:17-128
115                android:value="com.google.firebase.components.ComponentRegistrar" />
115-->[:firebase_analytics] AndroidManifest.xml:17:17-82
116            <meta-data
116-->[:firebase_messaging] AndroidManifest.xml:38:13-40:85
117                android:name="com.google.firebase.components:io.flutter.plugins.firebase.messaging.FlutterFirebaseAppRegistrar"
117-->[:firebase_messaging] AndroidManifest.xml:39:17-128
118                android:value="com.google.firebase.components.ComponentRegistrar" />
118-->[:firebase_messaging] AndroidManifest.xml:40:17-82
119            <meta-data
119-->[:firebase_core] AndroidManifest.xml:11:13-13:85
120                android:name="com.google.firebase.components:io.flutter.plugins.firebase.core.FlutterFirebaseCoreRegistrar"
120-->[:firebase_core] AndroidManifest.xml:12:17-124
121                android:value="com.google.firebase.components.ComponentRegistrar" />
121-->[:firebase_core] AndroidManifest.xml:13:17-82
122            <meta-data
122-->[com.google.firebase:firebase-iid:21.1.0] AndroidManifest.xml:32:13-34:85
123                android:name="com.google.firebase.components:com.google.firebase.iid.Registrar"
123-->[com.google.firebase:firebase-iid:21.1.0] AndroidManifest.xml:33:17-96
124                android:value="com.google.firebase.components.ComponentRegistrar" />
124-->[com.google.firebase:firebase-iid:21.1.0] AndroidManifest.xml:34:17-82
125            <meta-data
125-->[com.google.firebase:firebase-messaging:23.1.2] AndroidManifest.xml:55:13-57:85
126                android:name="com.google.firebase.components:com.google.firebase.messaging.FirebaseMessagingRegistrar"
126-->[com.google.firebase:firebase-messaging:23.1.2] AndroidManifest.xml:56:17-119
127                android:value="com.google.firebase.components.ComponentRegistrar" />
127-->[com.google.firebase:firebase-messaging:23.1.2] AndroidManifest.xml:57:17-82
128            <meta-data
128-->[com.google.android.gms:play-services-measurement-api:21.2.2] AndroidManifest.xml:31:13-33:85
129                android:name="com.google.firebase.components:com.google.firebase.analytics.connector.internal.AnalyticsConnectorRegistrar"
129-->[com.google.android.gms:play-services-measurement-api:21.2.2] AndroidManifest.xml:32:17-139
130                android:value="com.google.firebase.components.ComponentRegistrar" />
130-->[com.google.android.gms:play-services-measurement-api:21.2.2] AndroidManifest.xml:33:17-82
131            <meta-data
131-->[com.google.firebase:firebase-installations:17.1.3] AndroidManifest.xml:17:13-19:85
132                android:name="com.google.firebase.components:com.google.firebase.installations.FirebaseInstallationsRegistrar"
132-->[com.google.firebase:firebase-installations:17.1.3] AndroidManifest.xml:18:17-127
133                android:value="com.google.firebase.components.ComponentRegistrar" />
133-->[com.google.firebase:firebase-installations:17.1.3] AndroidManifest.xml:19:17-82
134            <meta-data
134-->[com.google.firebase:firebase-datatransport:18.1.7] AndroidManifest.xml:27:13-29:85
135                android:name="com.google.firebase.components:com.google.firebase.datatransport.TransportRegistrar"
135-->[com.google.firebase:firebase-datatransport:18.1.7] AndroidManifest.xml:28:17-115
136                android:value="com.google.firebase.components.ComponentRegistrar" />
136-->[com.google.firebase:firebase-datatransport:18.1.7] AndroidManifest.xml:29:17-82
137        </service>
138        <service
138-->[:firebase_messaging] AndroidManifest.xml:16:9-19:72
139            android:name="io.flutter.plugins.firebase.messaging.FlutterFirebaseMessagingBackgroundService"
139-->[:firebase_messaging] AndroidManifest.xml:17:13-107
140            android:exported="false"
140-->[:firebase_messaging] AndroidManifest.xml:18:13-37
141            android:permission="android.permission.BIND_JOB_SERVICE" />
141-->[:firebase_messaging] AndroidManifest.xml:19:13-69
142        <service
142-->[:firebase_messaging] AndroidManifest.xml:20:9-26:19
143            android:name="io.flutter.plugins.firebase.messaging.FlutterFirebaseMessagingService"
143-->[:firebase_messaging] AndroidManifest.xml:21:13-97
144            android:exported="false" >
144-->[:firebase_messaging] AndroidManifest.xml:22:13-37
145            <intent-filter>
145-->[:firebase_messaging] AndroidManifest.xml:23:13-25:29
146                <action android:name="com.google.firebase.MESSAGING_EVENT" />
146-->[:firebase_messaging] AndroidManifest.xml:24:17-78
146-->[:firebase_messaging] AndroidManifest.xml:24:25-75
147            </intent-filter>
148        </service>
149
150        <receiver
150-->[:firebase_messaging] AndroidManifest.xml:28:9-35:20
151            android:name="io.flutter.plugins.firebase.messaging.FlutterFirebaseMessagingReceiver"
151-->[:firebase_messaging] AndroidManifest.xml:29:13-98
152            android:exported="true"
152-->[:firebase_messaging] AndroidManifest.xml:30:13-36
153            android:permission="com.google.android.c2dm.permission.SEND" >
153-->[:firebase_messaging] AndroidManifest.xml:31:13-73
154            <intent-filter>
154-->[:firebase_messaging] AndroidManifest.xml:32:13-34:29
155                <action android:name="com.google.android.c2dm.intent.RECEIVE" />
155-->[:firebase_messaging] AndroidManifest.xml:33:17-81
155-->[:firebase_messaging] AndroidManifest.xml:33:25-78
156            </intent-filter>
157        </receiver>
158
159        <provider
159-->[:firebase_messaging] AndroidManifest.xml:43:9-47:38
160            android:name="io.flutter.plugins.firebase.messaging.FlutterFirebaseMessagingInitProvider"
160-->[:firebase_messaging] AndroidManifest.xml:44:13-102
161            android:authorities="com.forumkeadilanapps.flutterfirebasemessaginginitprovider"
161-->[:firebase_messaging] AndroidManifest.xml:45:13-88
162            android:exported="false"
162-->[:firebase_messaging] AndroidManifest.xml:46:13-37
163            android:initOrder="99" />
163-->[:firebase_messaging] AndroidManifest.xml:47:13-35
164
165        <activity
165-->[:url_launcher_android] AndroidManifest.xml:10:9-13:74
166            android:name="io.flutter.plugins.urllauncher.WebViewActivity"
166-->[:url_launcher_android] AndroidManifest.xml:11:13-74
167            android:exported="false"
167-->[:url_launcher_android] AndroidManifest.xml:12:13-37
168            android:theme="@android:style/Theme.NoTitleBar.Fullscreen" />
168-->[:url_launcher_android] AndroidManifest.xml:13:13-71
169
170        <meta-data
170-->[:google_mobile_ads] AndroidManifest.xml:12:9-14:36
171            android:name="io.flutter.embedded_views_preview"
171-->[:google_mobile_ads] AndroidManifest.xml:13:13-61
172            android:value="true" />
172-->[:google_mobile_ads] AndroidManifest.xml:14:13-33
173
174        <activity
174-->[:flutter_inappwebview] AndroidManifest.xml:16:9-20:47
175            android:name="com.pichillilorenzo.flutter_inappwebview.in_app_browser.InAppBrowserActivity"
175-->[:flutter_inappwebview] AndroidManifest.xml:17:13-104
176            android:configChanges="orientation|keyboardHidden|keyboard|screenSize|locale|layoutDirection|fontScale|screenLayout|density"
176-->[:flutter_inappwebview] AndroidManifest.xml:18:13-137
177            android:exported="false"
177-->[:flutter_inappwebview] AndroidManifest.xml:19:13-37
178            android:theme="@style/AppTheme" />
178-->[:flutter_inappwebview] AndroidManifest.xml:20:13-44
179        <activity
179-->[:flutter_inappwebview] AndroidManifest.xml:21:9-24:55
180            android:name="com.pichillilorenzo.flutter_inappwebview.chrome_custom_tabs.ChromeCustomTabsActivity"
180-->[:flutter_inappwebview] AndroidManifest.xml:22:13-112
181            android:exported="false"
181-->[:flutter_inappwebview] AndroidManifest.xml:23:13-37
182            android:theme="@style/ThemeTransparent" />
182-->[:flutter_inappwebview] AndroidManifest.xml:24:13-52
183        <activity
183-->[:flutter_inappwebview] AndroidManifest.xml:25:9-28:55
184            android:name="com.pichillilorenzo.flutter_inappwebview.chrome_custom_tabs.TrustedWebActivity"
184-->[:flutter_inappwebview] AndroidManifest.xml:26:13-106
185            android:exported="false"
185-->[:flutter_inappwebview] AndroidManifest.xml:27:13-37
186            android:theme="@style/ThemeTransparent" />
186-->[:flutter_inappwebview] AndroidManifest.xml:28:13-52
187        <activity
187-->[:flutter_inappwebview] AndroidManifest.xml:29:9-33:55
188            android:name="com.pichillilorenzo.flutter_inappwebview.chrome_custom_tabs.ChromeCustomTabsActivitySingleInstance"
188-->[:flutter_inappwebview] AndroidManifest.xml:30:13-126
189            android:exported="false"
189-->[:flutter_inappwebview] AndroidManifest.xml:31:13-37
190            android:launchMode="singleInstance"
190-->[:flutter_inappwebview] AndroidManifest.xml:32:13-48
191            android:theme="@style/ThemeTransparent" />
191-->[:flutter_inappwebview] AndroidManifest.xml:33:13-52
192        <activity
192-->[:flutter_inappwebview] AndroidManifest.xml:34:9-38:55
193            android:name="com.pichillilorenzo.flutter_inappwebview.chrome_custom_tabs.TrustedWebActivitySingleInstance"
193-->[:flutter_inappwebview] AndroidManifest.xml:35:13-120
194            android:exported="false"
194-->[:flutter_inappwebview] AndroidManifest.xml:36:13-37
195            android:launchMode="singleInstance"
195-->[:flutter_inappwebview] AndroidManifest.xml:37:13-48
196            android:theme="@style/ThemeTransparent" />
196-->[:flutter_inappwebview] AndroidManifest.xml:38:13-52
197
198        <receiver
198-->[:flutter_inappwebview] AndroidManifest.xml:40:9-43:40
199            android:name="com.pichillilorenzo.flutter_inappwebview.chrome_custom_tabs.ActionBroadcastReceiver"
199-->[:flutter_inappwebview] AndroidManifest.xml:41:13-111
200            android:enabled="true"
200-->[:flutter_inappwebview] AndroidManifest.xml:42:13-35
201            android:exported="false" />
201-->[:flutter_inappwebview] AndroidManifest.xml:43:13-37
202
203        <provider
203-->[:share] AndroidManifest.xml:10:9-18:20
204            android:name="io.flutter.plugins.share.ShareFileProvider"
204-->[:share] AndroidManifest.xml:11:13-70
205            android:authorities="com.forumkeadilanapps.flutter.share_provider"
205-->[:share] AndroidManifest.xml:12:13-74
206            android:exported="false"
206-->[:share] AndroidManifest.xml:13:13-37
207            android:grantUriPermissions="true" >
207-->[:share] AndroidManifest.xml:14:13-47
208            <meta-data
208-->[:share] AndroidManifest.xml:15:13-17:68
209                android:name="android.support.FILE_PROVIDER_PATHS"
209-->[:share] AndroidManifest.xml:16:17-67
210                android:resource="@xml/flutter_share_file_paths" />
210-->[:share] AndroidManifest.xml:17:17-65
211        </provider>
212
213        <uses-library
213-->[androidx.window:window:1.0.0-beta04] AndroidManifest.xml:25:9-27:40
214            android:name="androidx.window.extensions"
214-->[androidx.window:window:1.0.0-beta04] AndroidManifest.xml:26:13-54
215            android:required="false" />
215-->[androidx.window:window:1.0.0-beta04] AndroidManifest.xml:27:13-37
216        <uses-library
216-->[androidx.window:window:1.0.0-beta04] AndroidManifest.xml:28:9-30:40
217            android:name="androidx.window.sidecar"
217-->[androidx.window:window:1.0.0-beta04] AndroidManifest.xml:29:13-51
218            android:required="false" />
218-->[androidx.window:window:1.0.0-beta04] AndroidManifest.xml:30:13-37
219
220        <receiver
220-->[com.google.firebase:firebase-messaging:23.1.2] AndroidManifest.xml:31:9-38:20
221            android:name="com.google.firebase.iid.FirebaseInstanceIdReceiver"
221-->[com.google.firebase:firebase-messaging:23.1.2] AndroidManifest.xml:32:13-78
222            android:exported="true"
222-->[com.google.firebase:firebase-messaging:23.1.2] AndroidManifest.xml:33:13-36
223            android:permission="com.google.android.c2dm.permission.SEND" >
223-->[com.google.firebase:firebase-messaging:23.1.2] AndroidManifest.xml:34:13-73
224            <intent-filter>
224-->[:firebase_messaging] AndroidManifest.xml:32:13-34:29
225                <action android:name="com.google.android.c2dm.intent.RECEIVE" />
225-->[:firebase_messaging] AndroidManifest.xml:33:17-81
225-->[:firebase_messaging] AndroidManifest.xml:33:25-78
226            </intent-filter>
227        </receiver>
228        <!--
229             FirebaseMessagingService performs security checks at runtime,
230             but set to not exported to explicitly avoid allowing another app to call it.
231        -->
232        <service
232-->[com.google.firebase:firebase-messaging:23.1.2] AndroidManifest.xml:44:9-51:19
233            android:name="com.google.firebase.messaging.FirebaseMessagingService"
233-->[com.google.firebase:firebase-messaging:23.1.2] AndroidManifest.xml:45:13-82
234            android:directBootAware="true"
234-->[com.google.firebase:firebase-messaging:23.1.2] AndroidManifest.xml:46:13-43
235            android:exported="false" >
235-->[com.google.firebase:firebase-messaging:23.1.2] AndroidManifest.xml:47:13-37
236            <intent-filter android:priority="-500" >
236-->[:firebase_messaging] AndroidManifest.xml:23:13-25:29
237                <action android:name="com.google.firebase.MESSAGING_EVENT" />
237-->[:firebase_messaging] AndroidManifest.xml:24:17-78
237-->[:firebase_messaging] AndroidManifest.xml:24:25-75
238            </intent-filter>
239        </service>
240
241        <provider
241-->[com.google.firebase:firebase-common:20.3.2] AndroidManifest.xml:25:9-30:39
242            android:name="com.google.firebase.provider.FirebaseInitProvider"
242-->[com.google.firebase:firebase-common:20.3.2] AndroidManifest.xml:26:13-77
243            android:authorities="com.forumkeadilanapps.firebaseinitprovider"
243-->[com.google.firebase:firebase-common:20.3.2] AndroidManifest.xml:27:13-72
244            android:directBootAware="true"
244-->[com.google.firebase:firebase-common:20.3.2] AndroidManifest.xml:28:13-43
245            android:exported="false"
245-->[com.google.firebase:firebase-common:20.3.2] AndroidManifest.xml:29:13-37
246            android:initOrder="100" /> <!-- Include the AdActivity and InAppPurchaseActivity configChanges and themes. -->
246-->[com.google.firebase:firebase-common:20.3.2] AndroidManifest.xml:30:13-36
247        <activity
247-->[com.google.android.gms:play-services-ads-lite:22.0.0] AndroidManifest.xml:53:9-58:43
248            android:name="com.google.android.gms.ads.AdActivity"
248-->[com.google.android.gms:play-services-ads-lite:22.0.0] AndroidManifest.xml:54:13-65
249            android:configChanges="keyboard|keyboardHidden|orientation|screenLayout|uiMode|screenSize|smallestScreenSize"
249-->[com.google.android.gms:play-services-ads-lite:22.0.0] AndroidManifest.xml:55:13-122
250            android:exported="false"
250-->[com.google.android.gms:play-services-ads-lite:22.0.0] AndroidManifest.xml:56:13-37
251            android:theme="@android:style/Theme.Translucent" />
251-->[com.google.android.gms:play-services-ads-lite:22.0.0] AndroidManifest.xml:57:13-61
252
253        <provider
253-->[com.google.android.gms:play-services-ads-lite:22.0.0] AndroidManifest.xml:60:9-65:43
254            android:name="com.google.android.gms.ads.MobileAdsInitProvider"
254-->[com.google.android.gms:play-services-ads-lite:22.0.0] AndroidManifest.xml:61:13-76
255            android:authorities="com.forumkeadilanapps.mobileadsinitprovider"
255-->[com.google.android.gms:play-services-ads-lite:22.0.0] AndroidManifest.xml:62:13-73
256            android:exported="false"
256-->[com.google.android.gms:play-services-ads-lite:22.0.0] AndroidManifest.xml:63:13-37
257            android:initOrder="100" />
257-->[com.google.android.gms:play-services-ads-lite:22.0.0] AndroidManifest.xml:64:13-36
258
259        <service
259-->[com.google.android.gms:play-services-ads-lite:22.0.0] AndroidManifest.xml:67:9-71:43
260            android:name="com.google.android.gms.ads.AdService"
260-->[com.google.android.gms:play-services-ads-lite:22.0.0] AndroidManifest.xml:68:13-64
261            android:enabled="true"
261-->[com.google.android.gms:play-services-ads-lite:22.0.0] AndroidManifest.xml:69:13-35
262            android:exported="false" />
262-->[com.google.android.gms:play-services-ads-lite:22.0.0] AndroidManifest.xml:70:13-37
263
264        <activity
264-->[com.google.android.gms:play-services-ads-lite:22.0.0] AndroidManifest.xml:73:9-77:43
265            android:name="com.google.android.gms.ads.OutOfContextTestingActivity"
265-->[com.google.android.gms:play-services-ads-lite:22.0.0] AndroidManifest.xml:74:13-82
266            android:configChanges="keyboard|keyboardHidden|orientation|screenLayout|uiMode|screenSize|smallestScreenSize"
266-->[com.google.android.gms:play-services-ads-lite:22.0.0] AndroidManifest.xml:75:13-122
267            android:exported="false" />
267-->[com.google.android.gms:play-services-ads-lite:22.0.0] AndroidManifest.xml:76:13-37
268
269        <receiver
269-->[com.google.android.gms:play-services-measurement:21.2.2] AndroidManifest.xml:29:9-33:20
270            android:name="com.google.android.gms.measurement.AppMeasurementReceiver"
270-->[com.google.android.gms:play-services-measurement:21.2.2] AndroidManifest.xml:30:13-85
271            android:enabled="true"
271-->[com.google.android.gms:play-services-measurement:21.2.2] AndroidManifest.xml:31:13-35
272            android:exported="false" >
272-->[com.google.android.gms:play-services-measurement:21.2.2] AndroidManifest.xml:32:13-37
273        </receiver>
274
275        <service
275-->[com.google.android.gms:play-services-measurement:21.2.2] AndroidManifest.xml:35:9-38:40
276            android:name="com.google.android.gms.measurement.AppMeasurementService"
276-->[com.google.android.gms:play-services-measurement:21.2.2] AndroidManifest.xml:36:13-84
277            android:enabled="true"
277-->[com.google.android.gms:play-services-measurement:21.2.2] AndroidManifest.xml:37:13-35
278            android:exported="false" />
278-->[com.google.android.gms:play-services-measurement:21.2.2] AndroidManifest.xml:38:13-37
279        <service
279-->[com.google.android.gms:play-services-measurement:21.2.2] AndroidManifest.xml:39:9-43:72
280            android:name="com.google.android.gms.measurement.AppMeasurementJobService"
280-->[com.google.android.gms:play-services-measurement:21.2.2] AndroidManifest.xml:40:13-87
281            android:enabled="true"
281-->[com.google.android.gms:play-services-measurement:21.2.2] AndroidManifest.xml:41:13-35
282            android:exported="false"
282-->[com.google.android.gms:play-services-measurement:21.2.2] AndroidManifest.xml:42:13-37
283            android:permission="android.permission.BIND_JOB_SERVICE" />
283-->[com.google.android.gms:play-services-measurement:21.2.2] AndroidManifest.xml:43:13-69
284
285        <activity
285-->[com.google.android.gms:play-services-base:18.0.1] AndroidManifest.xml:20:9-22:45
286            android:name="com.google.android.gms.common.api.GoogleApiActivity"
286-->[com.google.android.gms:play-services-base:18.0.1] AndroidManifest.xml:20:19-85
287            android:exported="false"
287-->[com.google.android.gms:play-services-base:18.0.1] AndroidManifest.xml:22:19-43
288            android:theme="@android:style/Theme.Translucent.NoTitleBar" />
288-->[com.google.android.gms:play-services-base:18.0.1] AndroidManifest.xml:21:19-78
289
290        <meta-data
290-->[com.google.android.gms:play-services-basement:18.1.0] AndroidManifest.xml:21:9-23:69
291            android:name="com.google.android.gms.version"
291-->[com.google.android.gms:play-services-basement:18.1.0] AndroidManifest.xml:22:13-58
292            android:value="@integer/google_play_services_version" />
292-->[com.google.android.gms:play-services-basement:18.1.0] AndroidManifest.xml:23:13-66
293
294        <provider
294-->[androidx.emoji2:emoji2:1.2.0] AndroidManifest.xml:24:9-32:20
295            android:name="androidx.startup.InitializationProvider"
295-->[androidx.emoji2:emoji2:1.2.0] AndroidManifest.xml:25:13-67
296            android:authorities="com.forumkeadilanapps.androidx-startup"
296-->[androidx.emoji2:emoji2:1.2.0] AndroidManifest.xml:26:13-68
297            android:exported="false" >
297-->[androidx.emoji2:emoji2:1.2.0] AndroidManifest.xml:27:13-37
298            <meta-data
298-->[androidx.emoji2:emoji2:1.2.0] AndroidManifest.xml:29:13-31:52
299                android:name="androidx.emoji2.text.EmojiCompatInitializer"
299-->[androidx.emoji2:emoji2:1.2.0] AndroidManifest.xml:30:17-75
300                android:value="androidx.startup" />
300-->[androidx.emoji2:emoji2:1.2.0] AndroidManifest.xml:31:17-49
301            <meta-data